0 info it worked if it ends with ok
1 verbose cli [ 'C:\\Program Files\\nodejs\\node.exe',
1 verbose cli   'C:\\Users\\krtya\\AppData\\Roaming\\npm\\node_modules\\npm\\bin\\npm-cli.js',
1 verbose cli   'run',
1 verbose cli   'dev' ]
2 info using npm@3.10.8
3 info using node@v4.4.7
4 verbose run-script [ 'predev', 'dev', 'postdev' ]
5 info lifecycle startservice@0.0.1~predev: startservice@0.0.1
6 silly lifecycle startservice@0.0.1~predev: no script for predev, continuing
7 info lifecycle startservice@0.0.1~dev: startservice@0.0.1
8 verbose lifecycle startservice@0.0.1~dev: unsafe-perm in lifecycle true
9 verbose lifecycle startservice@0.0.1~dev: PATH: C:\Users\krtya\AppData\Roaming\npm\node_modules\npm\bin\node-gyp-bin;C:\ng2projects\node_modules\.bin;C:\Program Files (x86)\iis express\PHP\v5.5;C:\Program Files\PHP\v7.0;C:\Windows\system32;C:\Windows;C:\Windows\System32\Wbem;C:\Windows\System32\WindowsPowerShell\v1.0\;C:\Program Files (x86)\Common Files\lenovo\easyplussdk\bin;E:\wamp\bin\php\php5.5.12;C:\ProgramData\ComposerSetup\bin;C:\Program Files (x86)\Microsoft SQL Server\100\Tools\Binn\VSShell\Common7\IDE\;C:\Program Files (x86)\Microsoft SQL Server\100\Tools\Binn\;C:\Program Files\Microsoft SQL Server\100\Tools\Binn\;C:\Program Files (x86)\Microsoft SQL Server\100\DTS\Binn\;C:\Program Files\Microsoft SQL Server\Client SDK\ODBC\110\Tools\Binn\;C:\Program Files (x86)\Microsoft SQL Server\120\Tools\Binn\;C:\Program Files\Microsoft SQL Server\120\Tools\Binn\;C:\Program Files\Microsoft SQL Server\120\DTS\Binn\;C:\Program Files (x86)\Skype\Phone\;C:\Program Files\nodejs\;C:\Windows\system32\config\systemprofile\.dnx\bin;C:\Program Files\Microsoft DNX\Dnvm\;C:\Program Files\Git\cmd;C:\Program Files\MongoDB\Server\3.2\bin;C:\Users\krtya\AppData\Roaming\npm;C:\Program Files\nodejs\;C:\Program Files (x86)\Microsoft VS Code\bin
10 verbose lifecycle startservice@0.0.1~dev: CWD: C:\ng2projects
11 silly lifecycle startservice@0.0.1~dev: Args: [ '/d /s /c', 'concurrently "npm start" "gulp"' ]
12 silly lifecycle startservice@0.0.1~dev: Returned: code: 3221225786  signal: null
13 info lifecycle startservice@0.0.1~dev: Failed to exec dev script
14 verbose stack Error: startservice@0.0.1 dev: `concurrently "npm start" "gulp"`
14 verbose stack Exit status 3221225786
14 verbose stack     at EventEmitter.<anonymous> (C:\Users\krtya\AppData\Roaming\npm\node_modules\npm\lib\utils\lifecycle.js:255:16)
14 verbose stack     at emitTwo (events.js:87:13)
14 verbose stack     at EventEmitter.emit (events.js:172:7)
14 verbose stack     at ChildProcess.<anonymous> (C:\Users\krtya\AppData\Roaming\npm\node_modules\npm\lib\utils\spawn.js:40:14)
14 verbose stack     at emitTwo (events.js:87:13)
14 verbose stack     at ChildProcess.emit (events.js:172:7)
14 verbose stack     at maybeClose (internal/child_process.js:827:16)
14 verbose stack     at Process.ChildProcess._handle.onexit (internal/child_process.js:211:5)
15 verbose pkgid startservice@0.0.1
16 verbose cwd C:\ng2projects
17 error Windows_NT 6.1.7601
18 error argv "C:\\Program Files\\nodejs\\node.exe" "C:\\Users\\krtya\\AppData\\Roaming\\npm\\node_modules\\npm\\bin\\npm-cli.js" "run" "dev"
19 error node v4.4.7
20 error npm  v3.10.8
21 error code ELIFECYCLE
22 error startservice@0.0.1 dev: `concurrently "npm start" "gulp"`
22 error Exit status 3221225786
23 error Failed at the startservice@0.0.1 dev script 'concurrently "npm start" "gulp"'.
23 error Make sure you have the latest version of node.js and npm installed.
23 error If you do, this is most likely a problem with the startservice package,
23 error not with npm itself.
23 error Tell the author that this fails on your system:
23 error     concurrently "npm start" "gulp"
23 error You can get information on how to open an issue for this project with:
23 error     npm bugs startservice
23 error Or if that isn't available, you can get their info via:
23 error     npm owner ls startservice
23 error There is likely additional logging output above.
24 verbose exit [ 1, true ]
